<?xml version="1.0" encoding="UTF-8"?>
<!-- Generated by org.testng.reporters.JUnitReportReporter -->
<testsuite skipped="0" hostname="DESKTOP-UE9M3HC" name="com.ibm.banksy.FS_RegTestSuite.AppTest" tests="1" failures="0" timestamp="21 Jan 2019 13:12:06 GMT" time="0.018" errors="0">
  <testcase name="testApp" time="0.018" classname="com.ibm.banksy.FS_RegTestSuite.AppTest"/>
</testsuite> <!-- com.ibm.banksy.FS_RegTestSuite.AppTest -->
