<?xml version="1.0" encoding="UTF-8"?>
<!-- Generated by org.testng.reporters.JUnitReportReporter -->
<testsuite skipped="0" hostname="DESKTOP-UE9M3HC" name="fashionStoreTestSuite.Reg_FS" tests="10" failures="0" timestamp="21 Jan 2019 13:13:50 GMT" time="40.466" errors="0">
  <testcase name="launchBrowser" time="4.579" classname="fashionStoreTestSuite.Reg_FS"/>
  <testcase name="Launch_FashionStore" time="10.492" classname="fashionStoreTestSuite.Reg_FS"/>
  <testcase name="Go_Shopping" time="0.148" classname="fashionStoreTestSuite.Reg_FS"/>
  <testcase name="Add_to_Cart" time="0.106" classname="fashionStoreTestSuite.Reg_FS"/>
  <testcase name="Go2Cart_andCheckout" time="0.273" classname="fashionStoreTestSuite.Reg_FS"/>
  <testcase name="Select_Bank" time="1.042" classname="fashionStoreTestSuite.Reg_FS"/>
  <testcase name="Authenticate_AT_Forgerock" time="9.038" classname="fashionStoreTestSuite.Reg_FS"/>
  <testcase name="Select_Account_Pay" time="7.239" classname="fashionStoreTestSuite.Reg_FS"/>
  <testcase name="Payment_Successful" time="6.912" classname="fashionStoreTestSuite.Reg_FS"/>
  <testcase name="Close_Browser" time="0.637" classname="fashionStoreTestSuite.Reg_FS"/>
</testsuite> <!-- fashionStoreTestSuite.Reg_FS -->
