<?xml version="1.0" encoding="UTF-8"?>
<!-- Generated by org.testng.reporters.JUnitReportReporter -->
<testsuite skipped="10" hostname="DESKTOP-UE9M3HC" name="com.ibm.banksy.FashionStoreTestSuite.Reg_FS" tests="11" failures="0" timestamp="18 Jan 2019 08:15:00 GMT" time="0.139" errors="1">
  <testcase name="Setup" time="0.139" classname="com.ibm.banksy.FashionStoreTestSuite.Reg_FS">
    <error type="java.lang.NullPointerException">
      <![CDATA[java.lang.NullPointerException
at java.io.File.<init>(File.java:277)
at com.ibm.banksy.FashionStoreTestSuite.Reg_FS.Setup(Reg_FS.java:53)
at sun.reflect.NativeMethodAccessorImpl.invoke0(Native Method)
at sun.reflect.NativeMethodAccessorImpl.invoke(NativeMethodAccessorImpl.java:62)
at sun.reflect.DelegatingMethodAccessorImpl.invoke(DelegatingMethodAccessorImpl.java:43)
at java.lang.reflect.Method.invoke(Method.java:498)
at org.testng.internal.MethodInvocationHelper.invokeMethod(MethodInvocationHelper.java:124)
at org.testng.internal.MethodInvocationHelper.invokeMethodConsideringTimeout(MethodInvocationHelper.java:59)
at org.testng.internal.Invoker.invokeConfigurationMethod(Invoker.java:455)
at org.testng.internal.Invoker.invokeConfigurations(Invoker.java:222)
at org.testng.internal.Invoker.invokeConfigurations(Invoker.java:142)
at org.testng.TestRunner.beforeRun(TestRunner.java:529)
at org.testng.TestRunner.run(TestRunner.java:497)
at org.testng.SuiteRunner.runTest(SuiteRunner.java:455)
at org.testng.SuiteRunner.access$000(SuiteRunner.java:40)
at org.testng.SuiteRunner$SuiteWorker.run(SuiteRunner.java:489)
at org.testng.internal.thread.ThreadUtil$1.call(ThreadUtil.java:52)
at java.util.concurrent.FutureTask.run(FutureTask.java:266)
at java.util.concurrent.ThreadPoolExecutor.runWorker(ThreadPoolExecutor.java:1149)
at java.util.concurrent.ThreadPoolExecutor$Worker.run(ThreadPoolExecutor.java:624)
at java.lang.Thread.run(Thread.java:748)
]]>
    </error>
  </testcase> <!-- Setup -->
  <testcase name="launchBrowser" time="0.000" classname="com.ibm.banksy.FashionStoreTestSuite.Reg_FS">
    <skipped/>
  </testcase> <!-- launchBrowser -->
  <testcase name="Launch_FashionStore" time="0.000" classname="com.ibm.banksy.FashionStoreTestSuite.Reg_FS">
    <skipped/>
  </testcase> <!-- Launch_FashionStore -->
  <testcase name="Go_Shopping" time="0.000" classname="com.ibm.banksy.FashionStoreTestSuite.Reg_FS">
    <skipped/>
  </testcase> <!-- Go_Shopping -->
  <testcase name="Add_to_Cart" time="0.000" classname="com.ibm.banksy.FashionStoreTestSuite.Reg_FS">
    <skipped/>
  </testcase> <!-- Add_to_Cart -->
  <testcase name="Go2Cart_andCheckout" time="0.000" classname="com.ibm.banksy.FashionStoreTestSuite.Reg_FS">
    <skipped/>
  </testcase> <!-- Go2Cart_andCheckout -->
  <testcase name="Select_Bank" time="0.000" classname="com.ibm.banksy.FashionStoreTestSuite.Reg_FS">
    <skipped/>
  </testcase> <!-- Select_Bank -->
  <testcase name="Authenticate_AT_Forgerock" time="0.000" classname="com.ibm.banksy.FashionStoreTestSuite.Reg_FS">
    <skipped/>
  </testcase> <!-- Authenticate_AT_Forgerock -->
  <testcase name="Select_Account_Pay" time="0.000" classname="com.ibm.banksy.FashionStoreTestSuite.Reg_FS">
    <skipped/>
  </testcase> <!-- Select_Account_Pay -->
  <testcase name="Payment_Successful" time="0.000" classname="com.ibm.banksy.FashionStoreTestSuite.Reg_FS">
    <skipped/>
  </testcase> <!-- Payment_Successful -->
  <testcase name="Close_Browser" time="0.000" classname="com.ibm.banksy.FashionStoreTestSuite.Reg_FS">
    <skipped/>
  </testcase> <!-- Close_Browser -->
</testsuite> <!-- com.ibm.banksy.FashionStoreTestSuite.Reg_FS -->
